<?xml version="1.0" encoding="UTF-8" ?>
<testsuite skipped="0" tests="4" failures="0" errors="0" name="CoolReminderControllerSpec" time="2.938">
  <properties>
[...]
</properties>
  <testcase classname="CoolReminderControllerSpec" name="Should validate user input and return error if it&apos;s not value" time="0.312"/>
  <testcase classname="CoolReminderControllerSpec" name="Should be able to insert Reminder in database" time="0.063"/>
  <testcase classname="CoolReminderControllerSpec" name="Should be able to fetch Reminder from database" time="0.031"/>
  <testcase classname="CoolReminderControllerSpec" name="Should contain Exception details when some error occured" time="0.031"/>
</testsuite>